0 info it worked if it ends with ok
1 verbose cli [ 'node', '/Users/Masanori/.nvm/v0.10.24/bin/npm', 'start' ]
2 info using npm@1.4.7
3 info using node@v0.10.24
4 verbose run-script [ 'prestart', 'start', 'poststart' ]
5 info prestart PolliGrid@0.0.1-15
6 info start PolliGrid@0.0.1-15
7 verbose unsafe-perm in lifecycle true
8 info PolliGrid@0.0.1-15 Failed to exec start script
9 error PolliGrid@0.0.1-15 start: `node app/server/app.js`
9 error Exit status 8
10 error Failed at the PolliGrid@0.0.1-15 start script.
10 error This is most likely a problem with the PolliGrid package,
10 error not with npm itself.
10 error Tell the author that this fails on your system:
10 error     node app/server/app.js
10 error You can get their info via:
10 error     npm owner ls PolliGrid
10 error There is likely additional logging output above.
11 error System Darwin 13.2.0
12 error command "node" "/Users/Masanori/.nvm/v0.10.24/bin/npm" "start"
13 error cwd /Users/Masanori/Sites/polligrid
14 error node -v v0.10.24
15 error npm -v 1.4.7
16 error code ELIFECYCLE
17 verbose exit [ 1, true ]
