[INFO  - 2014-04-11T19:08:31.505Z] GhostDriver - Main - running on port 15738
[INFO  - 2014-04-11T19:08:32.150Z] Session [ac5a1f90-c1ac-11e3-9e0e-29e9171ce201] - page.settings - {"XSSAuditingEnabled":false,"javascriptCanCloseWindows":true,"javascriptCanOpenWindows":true,"javascriptEnabled":true,"loadImages":true,"localToRemoteUrlAccessEnabled":false,"userAgent":"Mozilla/5.0 (Macintosh; PPC Mac OS X) AppleWebKit/534.34 (KHTML, like Gecko) PhantomJS/1.9.7 Safari/534.34","webSecurityEnabled":true}
[INFO  - 2014-04-11T19:08:32.150Z] Session [ac5a1f90-c1ac-11e3-9e0e-29e9171ce201] - page.customHeaders:  - {}
[INFO  - 2014-04-11T19:08:32.150Z] Session [ac5a1f90-c1ac-11e3-9e0e-29e9171ce201] - Session.negotiatedCapabilities - {"browserName":"phantomjs","version":"1.9.7","driverName":"ghostdriver","driverVersion":"1.1.0","platform":"mac-unknown-64bit","javascriptEnabled":true,"takesScreenshot":true,"handlesAlerts":false,"databaseEnabled":false,"locationContextEnabled":false,"applicationCacheEnabled":false,"browserConnectionEnabled":false,"cssSelectorsEnabled":true,"webStorageEnabled":false,"rotatable":false,"acceptSslCerts":false,"nativeEvents":true,"proxy":{"proxyType":"direct"}}
[INFO  - 2014-04-11T19:08:32.151Z] SessionManagerReqHand - _postNewSessionCommand - New Session Created: ac5a1f90-c1ac-11e3-9e0e-29e9171ce201
[INFO  - 2014-04-11T19:08:35.941Z] ShutdownReqHand - _handle - About to shutdown
[INFO  - 2014-04-11T21:48:27.717Z] GhostDriver - Main - running on port 27877
[INFO  - 2014-04-11T21:48:28.060Z] Session [03f6db60-c1c3-11e3-8cc6-57d86a7415dc] - page.settings - {"XSSAuditingEnabled":false,"javascriptCanCloseWindows":true,"javascriptCanOpenWindows":true,"javascriptEnabled":true,"loadImages":true,"localToRemoteUrlAccessEnabled":false,"userAgent":"Mozilla/5.0 (Macintosh; PPC Mac OS X) AppleWebKit/534.34 (KHTML, like Gecko) PhantomJS/1.9.7 Safari/534.34","webSecurityEnabled":true}
[INFO  - 2014-04-11T21:48:28.060Z] Session [03f6db60-c1c3-11e3-8cc6-57d86a7415dc] - page.customHeaders:  - {}
[INFO  - 2014-04-11T21:48:28.061Z] Session [03f6db60-c1c3-11e3-8cc6-57d86a7415dc] - Session.negotiatedCapabilities - {"browserName":"phantomjs","version":"1.9.7","driverName":"ghostdriver","driverVersion":"1.1.0","platform":"mac-unknown-64bit","javascriptEnabled":true,"takesScreenshot":true,"handlesAlerts":false,"databaseEnabled":false,"locationContextEnabled":false,"applicationCacheEnabled":false,"browserConnectionEnabled":false,"cssSelectorsEnabled":true,"webStorageEnabled":false,"rotatable":false,"acceptSslCerts":false,"nativeEvents":true,"proxy":{"proxyType":"direct"}}
[INFO  - 2014-04-11T21:48:28.061Z] SessionManagerReqHand - _postNewSessionCommand - New Session Created: 03f6db60-c1c3-11e3-8cc6-57d86a7415dc
[INFO  - 2014-04-11T21:48:31.877Z] ShutdownReqHand - _handle - About to shutdown
[INFO  - 2014-04-11T21:56:44.285Z] GhostDriver - Main - running on port 6900
[INFO  - 2014-04-11T21:56:44.623Z] Session [2bf0a9b0-c1c4-11e3-b2e4-e5e29195d327] - page.settings - {"XSSAuditingEnabled":false,"javascriptCanCloseWindows":true,"javascriptCanOpenWindows":true,"javascriptEnabled":true,"loadImages":true,"localToRemoteUrlAccessEnabled":false,"userAgent":"Mozilla/5.0 (Macintosh; PPC Mac OS X) AppleWebKit/534.34 (KHTML, like Gecko) PhantomJS/1.9.7 Safari/534.34","webSecurityEnabled":true}
[INFO  - 2014-04-11T21:56:44.623Z] Session [2bf0a9b0-c1c4-11e3-b2e4-e5e29195d327] - page.customHeaders:  - {}
[INFO  - 2014-04-11T21:56:44.623Z] Session [2bf0a9b0-c1c4-11e3-b2e4-e5e29195d327] - Session.negotiatedCapabilities - {"browserName":"phantomjs","version":"1.9.7","driverName":"ghostdriver","driverVersion":"1.1.0","platform":"mac-unknown-64bit","javascriptEnabled":true,"takesScreenshot":true,"handlesAlerts":false,"databaseEnabled":false,"locationContextEnabled":false,"applicationCacheEnabled":false,"browserConnectionEnabled":false,"cssSelectorsEnabled":true,"webStorageEnabled":false,"rotatable":false,"acceptSslCerts":false,"nativeEvents":true,"proxy":{"proxyType":"direct"}}
[INFO  - 2014-04-11T21:56:44.623Z] SessionManagerReqHand - _postNewSessionCommand - New Session Created: 2bf0a9b0-c1c4-11e3-b2e4-e5e29195d327
[INFO  - 2014-04-11T21:56:46.761Z] ShutdownReqHand - _handle - About to shutdown
[INFO  - 2014-04-11T22:06:18.837Z] GhostDriver - Main - running on port 26562
[INFO  - 2014-04-11T22:06:19.336Z] Session [827e9a20-c1c5-11e3-aae4-f7da1bac80de] - page.settings - {"XSSAuditingEnabled":false,"javascriptCanCloseWindows":true,"javascriptCanOpenWindows":true,"javascriptEnabled":true,"loadImages":true,"localToRemoteUrlAccessEnabled":false,"userAgent":"Mozilla/5.0 (Macintosh; PPC Mac OS X) AppleWebKit/534.34 (KHTML, like Gecko) PhantomJS/1.9.7 Safari/534.34","webSecurityEnabled":true}
[INFO  - 2014-04-11T22:06:19.336Z] Session [827e9a20-c1c5-11e3-aae4-f7da1bac80de] - page.customHeaders:  - {}
[INFO  - 2014-04-11T22:06:19.336Z] Session [827e9a20-c1c5-11e3-aae4-f7da1bac80de] - Session.negotiatedCapabilities - {"browserName":"phantomjs","version":"1.9.7","driverName":"ghostdriver","driverVersion":"1.1.0","platform":"mac-unknown-64bit","javascriptEnabled":true,"takesScreenshot":true,"handlesAlerts":false,"databaseEnabled":false,"locationContextEnabled":false,"applicationCacheEnabled":false,"browserConnectionEnabled":false,"cssSelectorsEnabled":true,"webStorageEnabled":false,"rotatable":false,"acceptSslCerts":false,"nativeEvents":true,"proxy":{"proxyType":"direct"}}
[INFO  - 2014-04-11T22:06:19.336Z] SessionManagerReqHand - _postNewSessionCommand - New Session Created: 827e9a20-c1c5-11e3-aae4-f7da1bac80de
[INFO  - 2014-04-11T22:06:22.165Z] ShutdownReqHand - _handle - About to shutdown
[INFO  - 2014-04-11T22:08:51.152Z] GhostDriver - Main - running on port 47998
[INFO  - 2014-04-11T22:08:51.797Z] Session [dd5e26e0-c1c5-11e3-92f5-bde249c1c31c] - page.settings - {"XSSAuditingEnabled":false,"javascriptCanCloseWindows":true,"javascriptCanOpenWindows":true,"javascriptEnabled":true,"loadImages":true,"localToRemoteUrlAccessEnabled":false,"userAgent":"Mozilla/5.0 (Macintosh; PPC Mac OS X) AppleWebKit/534.34 (KHTML, like Gecko) PhantomJS/1.9.7 Safari/534.34","webSecurityEnabled":true}
[INFO  - 2014-04-11T22:08:51.797Z] Session [dd5e26e0-c1c5-11e3-92f5-bde249c1c31c] - page.customHeaders:  - {}
[INFO  - 2014-04-11T22:08:51.797Z] Session [dd5e26e0-c1c5-11e3-92f5-bde249c1c31c] - Session.negotiatedCapabilities - {"browserName":"phantomjs","version":"1.9.7","driverName":"ghostdriver","driverVersion":"1.1.0","platform":"mac-unknown-64bit","javascriptEnabled":true,"takesScreenshot":true,"handlesAlerts":false,"databaseEnabled":false,"locationContextEnabled":false,"applicationCacheEnabled":false,"browserConnectionEnabled":false,"cssSelectorsEnabled":true,"webStorageEnabled":false,"rotatable":false,"acceptSslCerts":false,"nativeEvents":true,"proxy":{"proxyType":"direct"}}
[INFO  - 2014-04-11T22:08:51.797Z] SessionManagerReqHand - _postNewSessionCommand - New Session Created: dd5e26e0-c1c5-11e3-92f5-bde249c1c31c
[INFO  - 2014-04-11T22:08:53.250Z] ShutdownReqHand - _handle - About to shutdown
[INFO  - 2014-04-11T22:15:21.434Z] GhostDriver - Main - running on port 12996
[INFO  - 2014-04-11T22:15:22.149Z] Session [c60923e0-c1c6-11e3-bff3-1514866dff5c] - page.settings - {"XSSAuditingEnabled":false,"javascriptCanCloseWindows":true,"javascriptCanOpenWindows":true,"javascriptEnabled":true,"loadImages":true,"localToRemoteUrlAccessEnabled":false,"userAgent":"Mozilla/5.0 (Macintosh; PPC Mac OS X) AppleWebKit/534.34 (KHTML, like Gecko) PhantomJS/1.9.7 Safari/534.34","webSecurityEnabled":true}
[INFO  - 2014-04-11T22:15:22.150Z] Session [c60923e0-c1c6-11e3-bff3-1514866dff5c] - page.customHeaders:  - {}
[INFO  - 2014-04-11T22:15:22.150Z] Session [c60923e0-c1c6-11e3-bff3-1514866dff5c] - Session.negotiatedCapabilities - {"browserName":"phantomjs","version":"1.9.7","driverName":"ghostdriver","driverVersion":"1.1.0","platform":"mac-unknown-64bit","javascriptEnabled":true,"takesScreenshot":true,"handlesAlerts":false,"databaseEnabled":false,"locationContextEnabled":false,"applicationCacheEnabled":false,"browserConnectionEnabled":false,"cssSelectorsEnabled":true,"webStorageEnabled":false,"rotatable":false,"acceptSslCerts":false,"nativeEvents":true,"proxy":{"proxyType":"direct"}}
[INFO  - 2014-04-11T22:15:22.150Z] SessionManagerReqHand - _postNewSessionCommand - New Session Created: c60923e0-c1c6-11e3-bff3-1514866dff5c
[INFO  - 2014-04-11T22:15:23.627Z] ShutdownReqHand - _handle - About to shutdown
